<?xml version="1.0" encoding="UTF-8" ?>
<testsuite tests="1" failures="1" name="com.bestchat.thirdparty.sdk.shopify.api.ShopAPITest" time="1.621" errors="0" skipped="0">
  <properties>
[...]
</properties>
  <testcase classname="com.bestchat.thirdparty.sdk.shopify.api.ShopAPITest" name="com.bestchat.thirdparty.sdk.shopify.api.ShopAPITest.testGet" time="1.621">
    <failure message="argument &quot;content&quot; is null" type="java.lang.IllegalArgumentException">java.lang.IllegalArgumentException: argument &quot;content&quot; is null
	at com.fasterxml.jackson.databind.ObjectMapper._assertNotNull(ObjectMapper.java:4757)
	at com.fasterxml.jackson.databind.ObjectMapper.readTree(ObjectMapper.java:3040)
	at com.bestchat.thirdparty.sdk.shopify.api.Rest.strToJsonNode(Rest.java:34)
	at com.bestchat.thirdparty.sdk.shopify.api.ShopAPI.get(ShopAPI.java:17)
	at com.bestchat.thirdparty.sdk.shopify.api.ShopAPITest.testGet(ShopAPITest.java:18)
</failure>
    <system-out>2021-12-22 16:31:24,074 INFO [com.bestchat.thirdparty.sdk.shopify.net.HttpClient] [com.bestchat.thirdparty.sdk.shopify.net.HttpClient.execute(HttpClient.java:58)] - request: GET /https://{XXX}.myshopify.com/admin/api/2021-10/shop.json
2021-12-22 16:31:25,288 ERROR [com.bestchat.thirdparty.sdk.shopify.net.HttpClient] [com.bestchat.thirdparty.sdk.shopify.net.HttpClient.execute(HttpClient.java:72)] - execute error
org.apache.hc.client5.http.ClientProtocolException: Target host is not specified
	at org.apache.hc.client5.http.impl.classic.InternalHttpClient.doExecute(InternalHttpClient.java:173)
	at org.apache.hc.client5.http.impl.classic.CloseableHttpClient.execute(CloseableHttpClient.java:75)
	at org.apache.hc.client5.http.fluent.Request.internalExecute(Request.java:189)
	at org.apache.hc.client5.http.fluent.Request.execute(Request.java:197)
	at org.apache.hc.client5.http.fluent.Request.execute(Request.java:193)
	at com.bestchat.thirdparty.sdk.shopify.net.HttpClient.execute(HttpClient.java:68)
	at com.bestchat.thirdparty.sdk.shopify.net.HttpClient.get(HttpClient.java:27)
	at com.bestchat.thirdparty.sdk.shopify.api.ShopAPI.get(ShopAPI.java:15)
	at com.bestchat.thirdparty.sdk.shopify.api.ShopAPITest.testGet(ShopAPITest.java:18)
	at sun.reflect.NativeMethodAccessorImpl.invoke0(Native Method)
	at sun.reflect.NativeMethodAccessorImpl.invoke(NativeMethodAccessorImpl.java:62)
	at sun.reflect.DelegatingMethodAccessorImpl.invoke(DelegatingMethodAccessorImpl.java:43)
	at java.lang.reflect.Method.invoke(Method.java:498)
	at org.apache.maven.surefire.junit.PojoTestSet.executeTestMethod(PojoTestSet.java:151)
	at org.apache.maven.surefire.junit.PojoTestSet.executeTestMethods(PojoTestSet.java:102)
	at org.apache.maven.surefire.junit.PojoTestSet.execute(PojoTestSet.java:83)
	at org.apache.maven.surefire.junit.JUnit3Provider.executeTestSet(JUnit3Provider.java:121)
	at org.apache.maven.surefire.junit.JUnit3Provider.invoke(JUnit3Provider.java:98)
	at sun.reflect.NativeMethodAccessorImpl.invoke0(Native Method)
	at sun.reflect.NativeMethodAccessorImpl.invoke(NativeMethodAccessorImpl.java:62)
	at sun.reflect.DelegatingMethodAccessorImpl.invoke(DelegatingMethodAccessorImpl.java:43)
	at java.lang.reflect.Method.invoke(Method.java:498)
	at org.apache.maven.surefire.util.ReflectionUtils.invokeMethodWithArray(ReflectionUtils.java:189)
	at org.apache.maven.surefire.booter.ProviderFactory$ProviderProxy.invoke(ProviderFactory.java:165)
	at org.apache.maven.surefire.booter.ProviderFactory.invokeProvider(ProviderFactory.java:85)
	at org.apache.maven.surefire.booter.ForkedBooter.runSuitesInProcess(ForkedBooter.java:115)
	at org.apache.maven.surefire.booter.ForkedBooter.main(ForkedBooter.java:75)
Caused by: org.apache.hc.core5.http.ProtocolException: Target host is not specified
	at org.apache.hc.client5.http.impl.routing.DefaultRoutePlanner.determineRoute(DefaultRoutePlanner.java:65)
	at org.apache.hc.client5.http.impl.classic.InternalHttpClient.determineRoute(InternalHttpClient.java:120)
	at org.apache.hc.client5.http.impl.classic.InternalHttpClient.doExecute(InternalHttpClient.java:158)
	... 26 more
</system-out>
  </testcase>
</testsuite>